<?xml version="1.0" encoding="UTF-8"?>
<!-- Generated by org.testng.reporters.JUnitReportReporter -->
<testsuite hostname="DESKTOP-H1FD7QU" failures="0" tests="1" name="Test.day2" time="0.004" errors="0" timestamp="2023-10-01T18:31:40 IST" skipped="0">
  <testcase classname="Test.day2" name="Loan" time="0.004"/>
</testsuite> <!-- Test.day2 -->
