<?xml version="1.0" encoding="UTF-8"?>
<!-- Generated by org.testng.reporters.JUnitReportReporter -->
<testsuite hostname="DESKTOP-H1FD7QU" failures="0" tests="1" name="Test.Day1" time="0.012" errors="0" timestamp="2023-10-01T18:31:40 IST" skipped="0">
  <testcase classname="Test.Day1" name="Demo" time="0.012"/>
</testsuite> <!-- Test.Day1 -->
